[35m[1mConsolidate compiler generated dependencies of target uav_node[0m
[ 50%] [32mBuilding CXX object CMakeFiles/uav_node.dir/src/uav_node.cpp.o[0m
[01m[K/home/vboxuser/UAV_UGV_netmonitoring/src/uav_fleet/src/uav_node.cpp:12:10:[m[K [01;31m[Kfatal error: [m[Kuav_msgs/msg/charge_decision.hpp: No such file or directory
   12 | #include [01;31m[K"uav_msgs/msg/charge_decision.hpp"[m[K
      |          [01;31m[K^~~~~~~~~~~~~~~~~~~~~~~~~~~~~~~~~~[m[K
compilation terminated.
gmake[2]: *** [CMakeFiles/uav_node.dir/build.make:76: CMakeFiles/uav_node.dir/src/uav_node.cpp.o] Error 1
gmake[1]: *** [CMakeFiles/Makefile2:137: CMakeFiles/uav_node.dir/all] Error 2
gmake: *** [Makefile:146: all] Error 2
