[35m[1mConsolidate compiler generated dependencies of target network_monitor_node[0m
[ 50%] [32mBuilding CXX object CMakeFiles/network_monitor_node.dir/src/network_monitor_node.cpp.o[0m
In file included from [01m[K/opt/ros/humble/include/rclcpp/rclcpp/logging.hpp:24[m[K,
                 from [01m[K/opt/ros/humble/include/rclcpp/rclcpp/client.hpp:40[m[K,
                 from [01m[K/opt/ros/humble/include/rclcpp/rclcpp/callback_group.hpp:24[m[K,
                 from [01m[K/opt/ros/humble/include/rclcpp/rclcpp/any_executable.hpp:20[m[K,
                 from [01m[K/opt/ros/humble/include/rclcpp/rclcpp/memory_strategy.hpp:25[m[K,
                 from [01m[K/opt/ros/humble/include/rclcpp/rclcpp/memory_strategies.hpp:18[m[K,
                 from [01m[K/opt/ros/humble/include/rclcpp/rclcpp/executor_options.hpp:20[m[K,
                 from [01m[K/opt/ros/humble/include/rclcpp/rclcpp/executor.hpp:37[m[K,
                 from [01m[K/opt/ros/humble/include/rclcpp/rclcpp/executors/multi_threaded_executor.hpp:25[m[K,
                 from [01m[K/opt/ros/humble/include/rclcpp/rclcpp/executors.hpp:21[m[K,
                 from [01m[K/opt/ros/humble/include/rclcpp/rclcpp/rclcpp.hpp:155[m[K,
                 from [01m[K/home/vboxuser/UAV_UGV_netmonitoring/src/network_monitor/src/network_monitor_node.cpp:6[m[K:
[01m[K/home/vboxuser/UAV_UGV_netmonitoring/src/network_monitor/src/network_monitor_node.cpp:[m[K In member function â€˜[01m[Kvoid NetworkMonitorNode::failureCallback(uav_msgs::msg::FailureEvent_<std::allocator<void> >::SharedPtr)[m[Kâ€™:
[01m[K/home/vboxuser/UAV_UGV_netmonitoring/src/network_monitor/src/network_monitor_node.cpp:154:30:[m[K [01;31m[Kerror: [m[Kâ€˜[01m[Kusing _stamp_type = struct builtin_interfaces::msg::Time_<std::allocator<void> >[m[Kâ€™ {aka â€˜[01m[Kstruct builtin_interfaces::msg::Time_<std::allocator<void> >[m[Kâ€™} has no member named â€˜[01m[Kseconds[m[Kâ€™
  154 |                   msg->stamp.[01;31m[Kseconds[m[K(),
      |                              [01;31m[K^~~~~~~[m[K
gmake[2]: *** [CMakeFiles/network_monitor_node.dir/build.make:76: CMakeFiles/network_monitor_node.dir/src/network_monitor_node.cpp.o] Error 1
gmake[1]: *** [CMakeFiles/Makefile2:137: CMakeFiles/network_monitor_node.dir/all] Error 2
gmake: *** [Makefile:146: all] Error 2
